<?xml version="1.0" encoding="UTF-8"?>
<!-- Generated by org.testng.reporters.JUnitReportReporter -->
<testsuite hostname="DESKTOP-VOQ2BUF" failures="0" tests="3" name="Jan_7.Testcase1" time="47.553" errors="0" timestamp="2022-01-08T15:30:37 IST" skipped="0">
  <testcase classname="Jan_7.Testcase1" name="doubleClick" time="19.157"/>
  <system-out/>
  <testcase classname="Jan_7.Testcase1" name="onMouse" time="10.545"/>
  <system-out/>
  <testcase classname="Jan_7.Testcase1" name="search" time="17.851"/>
  <system-out/>
</testsuite> <!-- Jan_7.Testcase1 -->
