<?xml version="1.0" encoding="UTF-8"?>
<!-- Generated by org.testng.reporters.JUnitReportReporter -->
<testsuite hostname="DESKTOP-VOQ2BUF" failures="0" tests="3" name="jan_6_TestNG.OpenBrowserOneTime" time="40.816" errors="0" timestamp="2022-01-08T12:18:07 IST" skipped="0">
  <testcase classname="jan_6_TestNG.OpenBrowserOneTime" name="onMouse" time="11.557"/>
  <system-out/>
  <testcase classname="jan_6_TestNG.OpenBrowserOneTime" name="search" time="13.780"/>
  <system-out/>
  <testcase classname="jan_6_TestNG.OpenBrowserOneTime" name="doubleClick" time="15.479"/>
  <system-out/>
</testsuite> <!-- jan_6_TestNG.OpenBrowserOneTime -->
