<?xml version="1.0" encoding="UTF-8"?>
<!-- Generated by org.testng.reporters.JUnitReportReporter -->
<testsuite hostname="DESKTOP-VOQ2BUF" failures="0" tests="3" name="testcases.HomePageTestcases" time="14.265" errors="0" timestamp="2022-01-12T14:47:12 IST" skipped="0">
  <testcase classname="testcases.HomePageTestcases" name="searchTestcase003" time="2.603"/>
  <system-out/>
  <testcase classname="testcases.HomePageTestcases" name="searchTestcase002" time="3.590"/>
  <system-out/>
  <testcase classname="testcases.HomePageTestcases" name="searchTestcase001" time="8.072"/>
  <system-out/>
</testsuite> <!-- testcases.HomePageTestcases -->
