<?xml version="1.0" encoding="UTF-8"?>
<!-- Generated by org.testng.reporters.JUnitReportReporter -->
<testsuite hostname="DESKTOP-VOQ2BUF" failures="0" tests="2" name="Jan_6_TestNG_Basics.FirstProgram" time="0.013" errors="0" timestamp="2022-01-06T12:17:25 IST" skipped="0">
  <testcase classname="Jan_6_TestNG_Basics.FirstProgram" name="f" time="0.011"/>
  <system-out/>
  <testcase classname="Jan_6_TestNG_Basics.FirstProgram" name="f2" time="0.002"/>
  <system-out/>
</testsuite> <!-- Jan_6_TestNG_Basics.FirstProgram -->
