<?xml version="1.0" encoding="UTF-8"?>
<!-- Generated by org.testng.reporters.JUnitReportReporter -->
<testsuite hostname="DESKTOP-VOQ2BUF" failures="0" tests="3" name="Jan_6_TestNG_Basics.AfterandBeforeMethd_Example" time="0.017" errors="0" timestamp="2022-01-06T12:45:09 IST" skipped="0">
  <testcase classname="Jan_6_TestNG_Basics.AfterandBeforeMethd_Example" name="f" time="0.012"/>
  <system-out/>
  <testcase classname="Jan_6_TestNG_Basics.AfterandBeforeMethd_Example" name="f2" time="0.002"/>
  <system-out/>
  <testcase classname="Jan_6_TestNG_Basics.AfterandBeforeMethd_Example" name="f3" time="0.003"/>
  <system-out/>
</testsuite> <!-- Jan_6_TestNG_Basics.AfterandBeforeMethd_Example -->
