<?xml version="1.0" encoding="UTF-8"?>
<!-- Generated by org.testng.reporters.JUnitReportReporter -->
<testsuite hostname="DESKTOP-VOQ2BUF" failures="0" tests="3" name="Jan_7.OpenBrowserOneTime" time="18.304" errors="0" timestamp="2022-01-07T12:43:33 IST" skipped="0">
  <testcase classname="Jan_7.OpenBrowserOneTime" name="doubleClick" time="6.367"/>
  <system-out/>
  <testcase classname="Jan_7.OpenBrowserOneTime" name="search" time="5.710"/>
  <system-out/>
  <testcase classname="Jan_7.OpenBrowserOneTime" name="onMouse" time="6.227"/>
  <system-out/>
</testsuite> <!-- Jan_7.OpenBrowserOneTime -->
