<?xml version="1.0" encoding="UTF-8"?>
<!-- Generated by org.testng.reporters.JUnitReportReporter -->
<testsuite hostname="DESKTOP-VOQ2BUF" failures="0" tests="1" name="log4jTest.Ex_log4jTest" time="0.108" errors="0" timestamp="2022-01-13T11:17:29 IST" skipped="0">
  <testcase classname="log4jTest.Ex_log4jTest" name="log" time="0.108"/>
  <system-out/>
</testsuite> <!-- log4jTest.Ex_log4jTest -->
