<?xml version="1.0" encoding="UTF-8"?>
<!-- Generated by org.testng.reporters.JUnitReportReporter -->
<testsuite hostname="DESKTOP-VOQ2BUF" failures="0" tests="2" name="Jan_6_TestNG_Basics.MethodClassTest_Annotations_Together" time="0.011" errors="0" timestamp="2022-01-06T13:04:48 IST" skipped="0">
  <testcase classname="Jan_6_TestNG_Basics.MethodClassTest_Annotations_Together" name="f2" time="0.004"/>
  <system-out/>
  <testcase classname="Jan_6_TestNG_Basics.MethodClassTest_Annotations_Together" name="f" time="0.007"/>
  <system-out/>
</testsuite> <!-- Jan_6_TestNG_Basics.MethodClassTest_Annotations_Together -->
