<?xml version="1.0" encoding="UTF-8"?>
<!-- Generated by org.testng.reporters.JUnitReportReporter -->
<testsuite hostname="DESKTOP-VOQ2BUF" failures="0" tests="1" name="Jan_6_TestNG_Basics.NewTest" time="0.011" errors="0" timestamp="2022-01-06T12:48:52 IST" skipped="0">
  <testcase classname="Jan_6_TestNG_Basics.NewTest" name="f" time="0.011"/>
  <system-out/>
</testsuite> <!-- Jan_6_TestNG_Basics.NewTest -->
