<?xml version="1.0" encoding="UTF-8"?>
<!-- Generated by org.testng.reporters.JUnitReportReporter -->
<testsuite hostname="DESKTOP-VOQ2BUF" failures="0" tests="3" name="Jan_7.Testcases2" time="166.240" errors="0" timestamp="2022-01-08T12:32:07 IST" skipped="0">
  <testcase classname="Jan_7.Testcases2" name="onMouse" time="30.241"/>
  <system-out/>
  <testcase classname="Jan_7.Testcases2" name="doubleClick" time="109.582"/>
  <system-out/>
  <testcase classname="Jan_7.Testcases2" name="search" time="26.417"/>
  <system-out/>
</testsuite> <!-- Jan_7.Testcases2 -->
