<?xml version="1.0" encoding="UTF-8"?>
<!-- Generated by org.testng.reporters.JUnitReportReporter -->
<testsuite hostname="DESKTOP-VOQ2BUF" failures="0" tests="1" name="testcases.SignInTestcases" time="5.366" errors="0" timestamp="2022-01-13T12:35:23 IST" skipped="0">
  <testcase classname="testcases.SignInTestcases" name="signInTestcase001" time="5.366"/>
  <system-out/>
</testsuite> <!-- testcases.SignInTestcases -->
